0 info it worked if it ends with ok
1 verbose cli [ 'F:\\program\\nodejs\\node.exe',
1 verbose cli   'F:\\program\\nodejs\\node_modules\\npm\\bin\\npm-cli.js',
1 verbose cli   'start' ]
2 info using npm@3.8.9
3 info using node@v6.2.0
4 verbose run-script [ 'prestart', 'start', 'poststart' ]
5 info lifecycle webpack4@1.0.0~prestart: webpack4@1.0.0
6 silly lifecycle webpack4@1.0.0~prestart: no script for prestart, continuing
7 info lifecycle webpack4@1.0.0~start: webpack4@1.0.0
8 verbose lifecycle webpack4@1.0.0~start: unsafe-perm in lifecycle true
9 verbose lifecycle webpack4@1.0.0~start: PATH: F:\program\nvm\v6.2.0\node_modules\npm\bin\node-gyp-bin;D:\1work\myfiles\webpack4\node_modules\.bin;F:\program\nodejs;C:\Program Files (x86)\Common Files\NetSarang;C:\Windows\system32;C:\Windows;C:\Windows\System32\Wbem;C:\Windows\System32\WindowsPowerShell\v1.0\;D:\Program Files\Tortoisegit\bin;C:\Program Files\TortoiseSVN\bin;D:\Program Files\apache-maven-3.3.9\bin;%NVM_HOME%;%NVM_SYMLINK%;C:\Program Files\Java\jdk1.7.0_75\bin;C:\Python27;C:\Python27\Scripts;c:\program files\esafenet\cobra docguard client;D:\Program Files\Microsoft VS Code\bin;F:\program\nvm;F:\program\nodejs
10 verbose lifecycle webpack4@1.0.0~start: CWD: D:\1work\myfiles\webpack4
11 silly lifecycle webpack4@1.0.0~start: Args: [ '/d /s /c',
11 silly lifecycle   'webpack-dev-server --config webpack.config.dev.js --colors' ]
12 silly lifecycle webpack4@1.0.0~start: Returned: code: 1  signal: null
13 info lifecycle webpack4@1.0.0~start: Failed to exec start script
14 verbose stack Error: webpack4@1.0.0 start: `webpack-dev-server --config webpack.config.dev.js --colors`
14 verbose stack Exit status 1
14 verbose stack     at EventEmitter.<anonymous> (F:\program\nvm\v6.2.0\node_modules\npm\lib\utils\lifecycle.js:245:16)
14 verbose stack     at emitTwo (events.js:106:13)
14 verbose stack     at EventEmitter.emit (events.js:191:7)
14 verbose stack     at ChildProcess.<anonymous> (F:\program\nvm\v6.2.0\node_modules\npm\lib\utils\spawn.js:24:14)
14 verbose stack     at emitTwo (events.js:106:13)
14 verbose stack     at ChildProcess.emit (events.js:191:7)
14 verbose stack     at maybeClose (internal/child_process.js:850:16)
14 verbose stack     at Process.ChildProcess._handle.onexit (internal/child_process.js:215:5)
15 verbose pkgid webpack4@1.0.0
16 verbose cwd D:\1work\myfiles\webpack4
17 error Windows_NT 6.1.7601
18 error argv "F:\\program\\nodejs\\node.exe" "F:\\program\\nodejs\\node_modules\\npm\\bin\\npm-cli.js" "start"
19 error node v6.2.0
20 error npm  v3.8.9
21 error code ELIFECYCLE
22 error webpack4@1.0.0 start: `webpack-dev-server --config webpack.config.dev.js --colors`
22 error Exit status 1
23 error Failed at the webpack4@1.0.0 start script 'webpack-dev-server --config webpack.config.dev.js --colors'.
23 error Make sure you have the latest version of node.js and npm installed.
23 error If you do, this is most likely a problem with the webpack4 package,
23 error not with npm itself.
23 error Tell the author that this fails on your system:
23 error     webpack-dev-server --config webpack.config.dev.js --colors
23 error You can get information on how to open an issue for this project with:
23 error     npm bugs webpack4
23 error Or if that isn't available, you can get their info via:
23 error     npm owner ls webpack4
23 error There is likely additional logging output above.
24 verbose exit [ 1, true ]
